{"logLevel":"debug","message":"multithreading is set to false"}
{"logLevel":"debug","message":"Using reflection to scan dependencies for gauge implementations..."}
{"logLevel":"debug","message":"gauge-java took 772milliseconds to load and scan. This should be less than 'runner_connection_timeout' config value."}
{"logLevel":"debug","message":"run 'gauge config runner_connection_timeout' and verify that it is < 772"}
{"logLevel":"debug","message":"starting gRPC server..."}
{"logLevel":"debug","message":"started gRPC server on port 62868"}
{"logLevel":"info","message":"Listening on port:62868"}
2021-06-25 12:43:51 INFO  Reflections:169 - Reflections took 2249 ms to scan 84 urls, producing 9909 keys and 52195 values 
{"logLevel":"debug","message":"Scanning packages for steps"}
{"logLevel":"debug","message":"Comparing 'Step.StepImplement.waitByMilliSeconds' and 'Step.StepImplement.waitByMilliSeconds'"}
{"logLevel":"debug","message":"Found {} milisaniye bekle in current project scope."}
{"logLevel":"debug","message":"Comparing 'Step.StepImplement.waitBySeconds' and 'Step.StepImplement.waitBySeconds'"}
{"logLevel":"debug","message":"Found {} saniye bekle in current project scope."}
{"logLevel":"debug","message":"Comparing 'Step.StepImplement.sendKeyToElementBACKSPACE' and 'Step.StepImplement.sendKeyToElementBACKSPACE'"}
{"logLevel":"debug","message":"Found Elemente BACKSPACE keyi yolla {} in current project scope."}
{"logLevel":"debug","message":"Comparing 'Step.StepImplement.goToUrl' and 'Step.StepImplement.goToUrl'"}
{"logLevel":"debug","message":"Found {} adresine git in current project scope."}
{"logLevel":"debug","message":"Comparing 'Step.StepImplement.waitForElementThenClick' and 'Step.StepImplement.waitForElementThenClick'"}
{"logLevel":"debug","message":"Found Elementi bekle ve sonra tıkla {} in current project scope."}
{"logLevel":"debug","message":"Comparing 'Step.StepImplement.elementFocus' and 'Step.StepImplement.elementFocus'"}
{"logLevel":"debug","message":"Found {} Elementine focus ol in current project scope."}
{"logLevel":"debug","message":"Comparing 'Step.StepImplement.acceptChromeAlertPopup' and 'Step.StepImplement.acceptChromeAlertPopup'"}
{"logLevel":"debug","message":"Found Chrome uyari popup'ini kabul et in current project scope."}
{"logLevel":"debug","message":"Comparing 'Step.StepImplement.writeListItemsToCsv' and 'Step.StepImplement.writeListItemsToCsv'"}
{"logLevel":"debug","message":"Found {} harf bilgili {} magaza bilgilerini csv dosyasına yaz in current project scope."}
{"logLevel":"debug","message":"Comparing 'Step.StepImplement.clickElement' and 'Step.StepImplement.clickElement'"}
{"logLevel":"debug","message":"Found Elementine tıkla {} in current project scope."}
{"logLevel":"debug","message":"Comparing 'Step.StepImplement.sendKeys' and 'Step.StepImplement.sendKeys'"}
{"logLevel":"debug","message":"Found {} textini {} elemente yaz in current project scope."}
{"logLevel":"debug","message":"Comparing 'Step.StepImplement.checkElementAttributeEquals' and 'Step.StepImplement.checkElementAttributeEquals'"}
{"logLevel":"debug","message":"Found {} elementinin {} niteliği {} değerine sahip mi in current project scope."}
{"logLevel":"debug","message":"Comparing 'Step.StepImplement.randomPick' and 'Step.StepImplement.randomPick'"}
{"logLevel":"debug","message":"Found {} listesinden random bir element seç in current project scope."}
{"logLevel":"debug","message":"Comparing 'Step.StepImplement.javascriptClickerWithXpath' and 'Step.StepImplement.javascriptClickerWithXpath'"}
{"logLevel":"debug","message":"Found Javascript ile xpath tıkla {} in current project scope."}
{"logLevel":"debug","message":"Comparing 'Step.StepImplement.checkAttribute' and 'Step.StepImplement.checkAttribute'"}
{"logLevel":"debug","message":"Found {} elementinin text degerini getir in current project scope."}
{"logLevel":"debug","message":"Comparing 'Step.StepImplement.clickElementWithFocus' and 'Step.StepImplement.clickElementWithFocus'"}
{"logLevel":"debug","message":"Found {} elementine focus ile tıkla in current project scope."}
{"logLevel":"debug","message":"Scanning packages for hooks"}
{"logLevel":"debug","message":"Scanned steps (using static parsing + reflections): "}
{"logLevel":"debug","message":"\t{} elementine focus ile tıkla : public void clickElementWithFocus(String key)"}
{"logLevel":"debug","message":"\tElementi bekle ve sonra tıkla {} : public void waitForElementThenClick(String key)"}
{"logLevel":"debug","message":"\t{} milisaniye bekle : public void waitByMilliSeconds(long milliseconds)"}
{"logLevel":"debug","message":"\t{} adresine git : public void goToUrl(String url)"}
{"logLevel":"debug","message":"\t{} listesinden random bir element seç : public void randomPick(String key)"}
{"logLevel":"debug","message":"\t{} Elementine focus ol : public void elementFocus(String key)"}
{"logLevel":"debug","message":"\tElemente BACKSPACE keyi yolla {} : public void sendKeyToElementBACKSPACE(String key)"}
{"logLevel":"debug","message":"\t{} saniye bekle : public void waitBySeconds(ınt seconds)"}
{"logLevel":"debug","message":"\tElementine tıkla {} : public void clickElement(String key)"}
{"logLevel":"debug","message":"\t{} harf bilgili {} magaza bilgilerini csv dosyasına yaz : public void writeListItemsToCsv(String letters, String key) throws IOException"}
{"logLevel":"debug","message":"\t{} elementinin {} niteliği {} değerine sahip mi : public void checkElementAttributeEquals(String key, String attribute, String expectedValue)"}
{"logLevel":"debug","message":"\tChrome uyari popup'ini kabul et : public void acceptChromeAlertPopup()"}
{"logLevel":"debug","message":"\t{} textini {} elemente yaz : public void sendKeys(String text, String key)"}
{"logLevel":"debug","message":"\t{} elementinin text degerini getir : public void checkAttribute(String key)"}
{"logLevel":"debug","message":"\tJavascript ile xpath tıkla {} : public void javascriptClickerWithXpath(String xpath)"}
2021-06-25 12:43:52 INFO  Reflections:169 - Reflections took 1816 ms to scan 84 urls, producing 9833 keys and 45136 values 
Jun 25, 2021 12:43:52 PM org.openqa.selenium.remote.DesiredCapabilities chrome
INFO: Using `new ChromeOptions()` is preferred to `DesiredCapabilities.chrome()`
Starting ChromeDriver 91.0.4472.101 (af52a90bf87030dd1523486a1cd3ae25c5d76c9b-refs/branch-heads/4472@{#1462}) on port 42124
Only local connections are allowed.
Please see https://chromedriver.chromium.org/security-considerations for suggestions on keeping ChromeDriver safe.
ChromeDriver was started successfully.
Jun 25, 2021 12:43:54 PM org.openqa.selenium.remote.ProtocolHandshake createSession
INFO: Detected dialect: W3C
2021-06-25 12:43:58 INFO  BaseTest:61 - https://www.n11.com/ BROWSERDA ACILDI.
{"logLevel":"debug","message":"Executing '{} textini {} elemente yaz' using 'class Step.StepImplement.sendKeys"}
2021-06-25 12:44:00 INFO  StepImplement:158 - Search elementine Bilgisayar texti yazildi ve enter tuşuna basildi.
{"logLevel":"debug","message":"Executing '{} saniye bekle' using 'class Step.StepImplement.waitBySeconds"}
2021-06-25 12:44:00 INFO  StepImplement:121 - 2 saniye bekleniyor.
{"logLevel":"debug","message":"Executing '{} saniye bekle' using 'class Step.StepImplement.waitBySeconds"}
2021-06-25 12:44:02 INFO  StepImplement:121 - 2 saniye bekleniyor.
{"logLevel":"debug","message":"Executing 'Elementi bekle ve sonra tıkla {}' using 'class Step.StepImplement.waitForElementThenClick"}
2021-06-25 12:44:13 INFO  StepImplement:74 - Ads elementi bulundu.
2021-06-25 12:44:13 INFO  StepImplement:150 - Ads elementine tiklandi.
{"logLevel":"debug","message":"Executing 'Elementi bekle ve sonra tıkla {}' using 'class Step.StepImplement.waitForElementThenClick"}
2021-06-25 12:44:13 INFO  StepImplement:74 - ThrdBrand elementi bulundu.
2021-06-25 12:44:14 INFO  StepImplement:150 - ThrdBrand elementine tiklandi.
{"logLevel":"debug","message":"Executing 'Elementine tıkla {}' using 'class Step.StepImplement.clickElement"}
2021-06-25 12:44:36 INFO  StepImplement:150 - RandomProductlist elementine tiklandi.
{"logLevel":"debug","message":"Executing '{} saniye bekle' using 'class Step.StepImplement.waitBySeconds"}
2021-06-25 12:44:36 INFO  StepImplement:121 - 2 saniye bekleniyor.
{"logLevel":"debug","message":"Executing '{} saniye bekle' using 'class Step.StepImplement.waitBySeconds"}
2021-06-25 12:44:38 INFO  StepImplement:121 - 2 saniye bekleniyor.
{"logLevel":"debug","message":"Executing 'Elementi bekle ve sonra tıkla {}' using 'class Step.StepImplement.waitForElementThenClick"}
2021-06-25 12:44:41 INFO  StepImplement:74 - PopUp2 elementi bulundu.
2021-06-25 12:44:41 INFO  StepImplement:150 - PopUp2 elementine tiklandi.
{"logLevel":"debug","message":"Executing 'Elementi bekle ve sonra tıkla {}' using 'class Step.StepImplement.waitForElementThenClick"}
2021-06-25 12:44:41 INFO  StepImplement:74 - Quantity elementi bulundu.
2021-06-25 12:44:42 INFO  StepImplement:150 - Quantity elementine tiklandi.
{"logLevel":"debug","message":"Executing 'Elementine tıkla {}' using 'class Step.StepImplement.clickElement"}
2021-06-25 12:45:42 INFO  BaseTest:67 - TEST TAMAMLANDI DRIVER KAPATILIYOR..
{"logLevel":"debug","message":"Killing Java runner..."}
{"logLevel":"debug","message":"Stopping execution pool..."}
{"logLevel":"debug","message":"Shutting down grpc server..."}
{"logLevel":"debug","message":"Runner killed gracefully."}
