{"logLevel":"debug","message":"multithreading is set to false"}
{"logLevel":"debug","message":"Using reflection to scan dependencies for gauge implementations..."}
{"logLevel":"debug","message":"gauge-java took 732milliseconds to load and scan. This should be less than 'runner_connection_timeout' config value."}
{"logLevel":"debug","message":"run 'gauge config runner_connection_timeout' and verify that it is < 732"}
{"logLevel":"debug","message":"starting gRPC server..."}
{"logLevel":"debug","message":"started gRPC server on port 61740"}
{"logLevel":"info","message":"Listening on port:61740"}
2021-06-25 04:35:09 INFO  Reflections:169 - Reflections took 2220 ms to scan 84 urls, producing 9909 keys and 52192 values 
{"logLevel":"debug","message":"Scanning packages for steps"}
{"logLevel":"debug","message":"Comparing 'Step.StepImplement.elementFocus' and 'Step.StepImplement.elementFocus'"}
{"logLevel":"debug","message":"Found {} Elementine focus ol in current project scope."}
{"logLevel":"debug","message":"Comparing 'Step.StepImplement.acceptChromeAlertPopup' and 'Step.StepImplement.acceptChromeAlertPopup'"}
{"logLevel":"debug","message":"Found Chrome uyarı popup'ını kabul et in current project scope."}
{"logLevel":"debug","message":"Comparing 'Step.StepImplement.waitByMilliSeconds' and 'Step.StepImplement.waitByMilliSeconds'"}
{"logLevel":"debug","message":"Found {} milisaniye bekle in current project scope."}
{"logLevel":"debug","message":"Comparing 'Step.StepImplement.writeListItemsToCsv' and 'Step.StepImplement.writeListItemsToCsv'"}
{"logLevel":"debug","message":"Found  linked listesininin  listelerinin element bilgilerini csv dosyasına yaz. in current project scope."}
{"logLevel":"debug","message":"Comparing 'Step.StepImplement.clickElement' and 'Step.StepImplement.clickElement'"}
{"logLevel":"debug","message":"Found Elementine tıkla {} in current project scope."}
{"logLevel":"debug","message":"Comparing 'Step.StepImplement.sendKeys' and 'Step.StepImplement.sendKeys'"}
{"logLevel":"debug","message":"Found {} textini {} elemente yaz in current project scope."}
{"logLevel":"debug","message":"Comparing 'Step.StepImplement.checkElementAttributeEquals' and 'Step.StepImplement.checkElementAttributeEquals'"}
{"logLevel":"debug","message":"Found {} elementinin {} niteliği {} değerine sahip mi in current project scope."}
{"logLevel":"debug","message":"Comparing 'Step.StepImplement.randomPick' and 'Step.StepImplement.randomPick'"}
{"logLevel":"debug","message":"Found {} listesinden random bir element seç in current project scope."}
{"logLevel":"debug","message":"Comparing 'Step.StepImplement.javascriptClickerWithXpath' and 'Step.StepImplement.javascriptClickerWithXpath'"}
{"logLevel":"debug","message":"Found Javascript ile xpath tıkla {} in current project scope."}
{"logLevel":"debug","message":"Comparing 'Step.StepImplement.waitBySeconds' and 'Step.StepImplement.waitBySeconds'"}
{"logLevel":"debug","message":"Found {} saniye bekle in current project scope."}
{"logLevel":"debug","message":"Comparing 'Step.StepImplement.clickElementWithFocus' and 'Step.StepImplement.clickElementWithFocus'"}
{"logLevel":"debug","message":"Found {} elementine focus ile tıkla in current project scope."}
{"logLevel":"debug","message":"Comparing 'Step.StepImplement.waitForElementThenClick' and 'Step.StepImplement.waitForElementThenClick'"}
{"logLevel":"debug","message":"Found Elementi bekle ve sonra tıkla {} in current project scope."}
{"logLevel":"debug","message":"Scanning packages for hooks"}
{"logLevel":"debug","message":"Scanned steps (using static parsing + reflections): "}
{"logLevel":"debug","message":"\t{} elementine focus ile tıkla : public void clickElementWithFocus(String key)"}
{"logLevel":"debug","message":"\t linked listesininin  listelerinin element bilgilerini csv dosyasına yaz. : public void writeListItemsToCsv() throws IOException"}
{"logLevel":"debug","message":"\tElementi bekle ve sonra tıkla {} : public void waitForElementThenClick(String key)"}
{"logLevel":"debug","message":"\t{} milisaniye bekle : public void waitByMilliSeconds(long milliseconds)"}
{"logLevel":"debug","message":"\t{} listesinden random bir element seç : public void randomPick(String key)"}
{"logLevel":"debug","message":"\t{} Elementine focus ol : public void elementFocus(String key)"}
{"logLevel":"debug","message":"\t{} saniye bekle : public void waitBySeconds(ınt seconds)"}
{"logLevel":"debug","message":"\tElementine tıkla {} : public void clickElement(String key)"}
{"logLevel":"debug","message":"\t{} elementinin {} niteliği {} değerine sahip mi : public void checkElementAttributeEquals(String key, String attribute, String expectedValue)"}
{"logLevel":"debug","message":"\t{} textini {} elemente yaz : public void sendKeys(String text, String key)"}
{"logLevel":"debug","message":"\tJavascript ile xpath tıkla {} : public void javascriptClickerWithXpath(String xpath)"}
{"logLevel":"debug","message":"\tChrome uyarı popup'ını kabul et : public void acceptChromeAlertPopup()"}
2021-06-25 04:35:11 INFO  Reflections:169 - Reflections took 1796 ms to scan 84 urls, producing 9833 keys and 45136 values 
{"logLevel":"debug","message":"Killing Java runner..."}
{"logLevel":"debug","message":"Stopping execution pool..."}
{"logLevel":"debug","message":"Shutting down grpc server..."}
{"logLevel":"debug","message":"Runner killed gracefully."}
