{"logLevel":"debug","message":"multithreading is set to false"}
{"logLevel":"debug","message":"Using reflection to scan dependencies for gauge implementations..."}
{"logLevel":"debug","message":"gauge-java took 727milliseconds to load and scan. This should be less than 'runner_connection_timeout' config value."}
{"logLevel":"debug","message":"run 'gauge config runner_connection_timeout' and verify that it is < 727"}
{"logLevel":"debug","message":"starting gRPC server..."}
{"logLevel":"debug","message":"started gRPC server on port 59774"}
{"logLevel":"info","message":"Listening on port:59774"}
2021-06-25 07:30:52 INFO  Reflections:169 - Reflections took 2163 ms to scan 84 urls, producing 9909 keys and 52193 values 
{"logLevel":"debug","message":"Scanning packages for steps"}
{"logLevel":"debug","message":"Comparing 'Step.StepImplement.waitByMilliSeconds' and 'Step.StepImplement.waitByMilliSeconds'"}
{"logLevel":"debug","message":"Found {} milisaniye bekle in current project scope."}
{"logLevel":"debug","message":"Comparing 'Step.StepImplement.waitBySeconds' and 'Step.StepImplement.waitBySeconds'"}
{"logLevel":"debug","message":"Found {} saniye bekle in current project scope."}
{"logLevel":"debug","message":"Comparing 'Step.StepImplement.waitForElementThenClick' and 'Step.StepImplement.waitForElementThenClick'"}
{"logLevel":"debug","message":"Found Elementi bekle ve sonra tıkla {} in current project scope."}
{"logLevel":"debug","message":"Comparing 'Step.StepImplement.elementFocus' and 'Step.StepImplement.elementFocus'"}
{"logLevel":"debug","message":"Found {} Elementine focus ol in current project scope."}
{"logLevel":"debug","message":"Comparing 'Step.StepImplement.acceptChromeAlertPopup' and 'Step.StepImplement.acceptChromeAlertPopup'"}
{"logLevel":"debug","message":"Found Chrome uyari popup'ini kabul et in current project scope."}
{"logLevel":"debug","message":"Comparing 'Step.StepImplement.getDriverUrl' and 'Step.StepImplement.getDriverUrl'"}
{"logLevel":"debug","message":"Found {} verilen URL adresine git  in current project scope."}
{"logLevel":"debug","message":"Comparing 'Step.StepImplement.writeListItemsToCsv' and 'Step.StepImplement.writeListItemsToCsv'"}
{"logLevel":"debug","message":"Found {} harf bilgili {} magaza bilgilerini csv dosyasına yaz in current project scope."}
{"logLevel":"debug","message":"Comparing 'Step.StepImplement.clickElement' and 'Step.StepImplement.clickElement'"}
{"logLevel":"debug","message":"Found Elementine tıkla {} in current project scope."}
{"logLevel":"debug","message":"Comparing 'Step.StepImplement.sendKeys' and 'Step.StepImplement.sendKeys'"}
{"logLevel":"debug","message":"Found {} textini {} elemente yaz in current project scope."}
{"logLevel":"debug","message":"Comparing 'Step.StepImplement.checkElementAttributeEquals' and 'Step.StepImplement.checkElementAttributeEquals'"}
{"logLevel":"debug","message":"Found {} elementinin {} niteliği {} değerine sahip mi in current project scope."}
{"logLevel":"debug","message":"Comparing 'Step.StepImplement.randomPick' and 'Step.StepImplement.randomPick'"}
{"logLevel":"debug","message":"Found {} listesinden random bir element seç in current project scope."}
{"logLevel":"debug","message":"Comparing 'Step.StepImplement.javascriptClickerWithXpath' and 'Step.StepImplement.javascriptClickerWithXpath'"}
{"logLevel":"debug","message":"Found Javascript ile xpath tıkla {} in current project scope."}
{"logLevel":"debug","message":"Comparing 'Step.StepImplement.clickElementWithFocus' and 'Step.StepImplement.clickElementWithFocus'"}
{"logLevel":"debug","message":"Found {} elementine focus ile tıkla in current project scope."}
{"logLevel":"debug","message":"Scanning packages for hooks"}
{"logLevel":"debug","message":"Scanned steps (using static parsing + reflections): "}
{"logLevel":"debug","message":"\t{} elementine focus ile tıkla : public void clickElementWithFocus(String key)"}
{"logLevel":"debug","message":"\tElementi bekle ve sonra tıkla {} : public void waitForElementThenClick(String key)"}
{"logLevel":"debug","message":"\t{} milisaniye bekle : public void waitByMilliSeconds(long milliseconds)"}
{"logLevel":"debug","message":"\t{} listesinden random bir element seç : public void randomPick(String key)"}
{"logLevel":"debug","message":"\t{} Elementine focus ol : public void elementFocus(String key)"}
{"logLevel":"debug","message":"\t{} saniye bekle : public void waitBySeconds(ınt seconds)"}
{"logLevel":"debug","message":"\t{} verilen URL adresine git  : public void getDriverUrl(String url)"}
{"logLevel":"debug","message":"\tElementine tıkla {} : public void clickElement(String key)"}
{"logLevel":"debug","message":"\t{} harf bilgili {} magaza bilgilerini csv dosyasına yaz : public void writeListItemsToCsv(String letters, String key) throws IOException"}
{"logLevel":"debug","message":"\t{} elementinin {} niteliği {} değerine sahip mi : public void checkElementAttributeEquals(String key, String attribute, String expectedValue)"}
{"logLevel":"debug","message":"\tChrome uyari popup'ini kabul et : public void acceptChromeAlertPopup()"}
{"logLevel":"debug","message":"\t{} textini {} elemente yaz : public void sendKeys(String text, String key)"}
{"logLevel":"debug","message":"\tJavascript ile xpath tıkla {} : public void javascriptClickerWithXpath(String xpath)"}
2021-06-25 07:30:53 INFO  Reflections:169 - Reflections took 1759 ms to scan 84 urls, producing 9833 keys and 45136 values 
{"logLevel":"debug","message":"Killing Java runner..."}
{"logLevel":"debug","message":"Stopping execution pool..."}
{"logLevel":"debug","message":"Shutting down grpc server..."}
{"logLevel":"debug","message":"Runner killed gracefully."}
