{"logLevel":"debug","message":"multithreading is set to false"}
{"logLevel":"debug","message":"Using reflection to scan dependencies for gauge implementations..."}
{"logLevel":"debug","message":"gauge-java took 956milliseconds to load and scan. This should be less than 'runner_connection_timeout' config value."}
{"logLevel":"debug","message":"run 'gauge config runner_connection_timeout' and verify that it is < 956"}
{"logLevel":"debug","message":"starting gRPC server..."}
{"logLevel":"debug","message":"started gRPC server on port 65150"}
{"logLevel":"info","message":"Listening on port:65150"}
2021-07-02 13:33:52 INFO  Reflections:169 - Reflections took 2303 ms to scan 84 urls, producing 9909 keys and 52191 values 
{"logLevel":"debug","message":"Scanning packages for steps"}
{"logLevel":"debug","message":"Comparing 'Step.StepImplement.elementFocus' and 'Step.StepImplement.elementFocus'"}
{"logLevel":"debug","message":"Found {} Elementine focus ol in current project scope."}
{"logLevel":"debug","message":"Comparing 'Step.StepImplement.waitByMilliSeconds' and 'Step.StepImplement.waitByMilliSeconds'"}
{"logLevel":"debug","message":"Found {} milisaniye bekle in current project scope."}
{"logLevel":"debug","message":"Comparing 'Step.StepImplement.writeListItemsToCsv' and 'Step.StepImplement.writeListItemsToCsv'"}
{"logLevel":"debug","message":"Found {} harf bilgili {} magaza bilgilerini csv dosyasına yaz in current project scope."}
{"logLevel":"debug","message":"Comparing 'Step.StepImplement.clickElement' and 'Step.StepImplement.clickElement'"}
{"logLevel":"debug","message":"Found Elementine tıkla {} in current project scope."}
{"logLevel":"debug","message":"Comparing 'Step.StepImplement.sendKeys' and 'Step.StepImplement.sendKeys'"}
{"logLevel":"debug","message":"Found {} textini {} elemente yaz in current project scope."}
{"logLevel":"debug","message":"Comparing 'Step.StepImplement.checkElementAttributeEquals' and 'Step.StepImplement.checkElementAttributeEquals'"}
{"logLevel":"debug","message":"Found {} elementinin {} niteliği {} değerine sahip mi in current project scope."}
{"logLevel":"debug","message":"Comparing 'Step.StepImplement.randomPick' and 'Step.StepImplement.randomPick'"}
{"logLevel":"debug","message":"Found {} listesinden random bir element seç ve tıkla in current project scope."}
{"logLevel":"debug","message":"Comparing 'Step.StepImplement.checkAttribute' and 'Step.StepImplement.checkAttribute'"}
{"logLevel":"debug","message":"Found {} elementinin text degerini getir in current project scope."}
{"logLevel":"debug","message":"Comparing 'Step.StepImplement.waitBySeconds' and 'Step.StepImplement.waitBySeconds'"}
{"logLevel":"debug","message":"Found {} saniye bekle in current project scope."}
{"logLevel":"debug","message":"Comparing 'Step.StepImplement.clickElementWithFocus' and 'Step.StepImplement.clickElementWithFocus'"}
{"logLevel":"debug","message":"Found {} elementine focus ile tıkla in current project scope."}
{"logLevel":"debug","message":"Comparing 'Step.StepImplement.waitForElementThenClick' and 'Step.StepImplement.waitForElementThenClick'"}
{"logLevel":"debug","message":"Found Elementi bekle ve sonra tıkla {} in current project scope."}
{"logLevel":"debug","message":"Scanning packages for hooks"}
{"logLevel":"debug","message":"Scanned steps (using static parsing + reflections): "}
{"logLevel":"debug","message":"\t{} elementine focus ile tıkla : public void clickElementWithFocus(String key)"}
{"logLevel":"debug","message":"\t{} saniye bekle : public void waitBySeconds(ınt seconds)"}
{"logLevel":"debug","message":"\tElementi bekle ve sonra tıkla {} : public void waitForElementThenClick(String key)"}
{"logLevel":"debug","message":"\t{} listesinden random bir element seç ve tıkla : public void randomPick(String key)"}
{"logLevel":"debug","message":"\t{} milisaniye bekle : public void waitByMilliSeconds(long milliseconds)"}
{"logLevel":"debug","message":"\t{} Elementine focus ol : public void elementFocus(String key)"}
{"logLevel":"debug","message":"\tElementine tıkla {} : public void clickElement(String key)"}
{"logLevel":"debug","message":"\t{} harf bilgili {} magaza bilgilerini csv dosyasına yaz : public void writeListItemsToCsv(String letters, String key) throws IOException"}
{"logLevel":"debug","message":"\t{} elementinin {} niteliği {} değerine sahip mi : public void checkElementAttributeEquals(String key, String attribute, String expectedValue)"}
{"logLevel":"debug","message":"\t{} textini {} elemente yaz : public void sendKeys(String text, String key)"}
{"logLevel":"debug","message":"\t{} elementinin text degerini getir : public void checkAttribute(String key)"}
2021-07-02 13:33:54 INFO  Reflections:169 - Reflections took 1793 ms to scan 84 urls, producing 9833 keys and 45136 values 
Jul 02, 2021 1:33:54 PM org.openqa.selenium.remote.DesiredCapabilities chrome
INFO: Using `new ChromeOptions()` is preferred to `DesiredCapabilities.chrome()`
Starting ChromeDriver 91.0.4472.101 (af52a90bf87030dd1523486a1cd3ae25c5d76c9b-refs/branch-heads/4472@{#1462}) on port 3357
Only local connections are allowed.
Please see https://chromedriver.chromium.org/security-considerations for suggestions on keeping ChromeDriver safe.
ChromeDriver was started successfully.
Jul 02, 2021 1:33:56 PM org.openqa.selenium.remote.ProtocolHandshake createSession
INFO: Detected dialect: W3C
2021-07-02 13:34:02 INFO  BaseTest:39 - https://www.n11.com/ BROWSERDA ACILDI.
{"logLevel":"debug","message":"Executing 'Elementine tıkla {}' using 'class Step.StepImplement.clickElement"}
2021-07-02 13:34:02 INFO  StepImplement:148 - LocationAllow elementine tiklandi.
{"logLevel":"debug","message":"Executing '{} Elementine focus ol' using 'class Step.StepImplement.elementFocus"}
2021-07-02 13:34:03 INFO  StepImplement:251 - Magazalar elementine focus olundu.
{"logLevel":"debug","message":"Executing 'Elementine tıkla {}' using 'class Step.StepImplement.clickElement"}
2021-07-02 13:34:03 INFO  StepImplement:148 - Magazalar elementine tiklandi.
{"logLevel":"debug","message":"Executing 'Elementi bekle ve sonra tıkla {}' using 'class Step.StepImplement.waitForElementThenClick"}
2021-07-02 13:34:03 INFO  StepImplement:73 - MagazalariGor elementi bulundu.
2021-07-02 13:34:04 INFO  StepImplement:148 - MagazalariGor elementine tiklandi.
{"logLevel":"debug","message":"Executing '{} saniye bekle' using 'class Step.StepImplement.waitBySeconds"}
2021-07-02 13:34:04 INFO  StepImplement:119 - 2 saniye bekleniyor.
{"logLevel":"debug","message":"Executing 'Elementi bekle ve sonra tıkla {}' using 'class Step.StepImplement.waitForElementThenClick"}
2021-07-02 13:34:18 INFO  StepImplement:73 - Ads elementi bulundu.
2021-07-02 13:34:19 INFO  StepImplement:148 - Ads elementine tiklandi.
{"logLevel":"debug","message":"Executing 'Elementine tıkla {}' using 'class Step.StepImplement.clickElement"}
2021-07-02 13:34:20 INFO  StepImplement:148 - TumMagazalarButonu elementine tiklandi.
{"logLevel":"debug","message":"Executing '{} harf bilgili {} magaza bilgilerini csv dosyasına yaz' using 'class Step.StepImplement.writeListItemsToCsv"}
2021-07-02 13:34:20 INFO  StepImplement:200 - Magaza bilgileri CSV dosyasina kaydediliyor.
2021-07-02 13:34:23 INFO  StepImplement:207 - A Harfli magazalar yaziliyor
2021-07-02 13:36:57 INFO  StepImplement:119 - 2 saniye bekleniyor.
2021-07-02 13:37:02 INFO  StepImplement:207 - Ç Harfli magazalar yaziliyor
